432394324043241SsTdmSWjfd5AbJ2JmLEipOygdswutMRdz6H%2F7sNS5da1fXrLPjQkJyZ8eBeUx%2FWqNQotjEZyKM8SsTdmSWjfd5AbJ2JmLEipOygdswutMRdz6H%2F7sNS5da1fXrLPjQkJyZ8eBeUx%2FWqNQotjEZyKM8SsTdmSWjfd5AbJ2JmLEipOygdswutMRdz6H%2F7sNS5da1fXrLPjQkJyZ8eBeUx%2FWqNQotjEZyKM8Array
Array
Array
Array
Array
Array
SsTdmSWjfd5AbJ2JmLEipOygdswutMRdz6H%2F7sNS5da1fXrLPjQkJyZ8eBeUx%2FWqNQotjEZyKM8
SsTdmSWjfd5AbJ2JmLEipOygdswutMRdz6H%2F7sNS5da1fXrLPjQkJyZ8eBeUx%2FWqNQotjEZyKM8
SsTdmSWjfd5AbJ2JmLEipOygdswutMRdz6H%2F7sNS5da1fXrLPjQkJyZ8eBeUx%2FWqNQotjEZyKM8
<!DOCTYPE HTML PUBLIC "-//IETF//DTD HTML 2.0//EN">
<html><head>
<title>400 Bad Request</title>
</head><body>
<h1>Bad Request</h1>
<p>Your browser sent a request that this server could not understand.<br />
</p>
</body></html>

<!DOCTYPE HTML PUBLIC "-//IETF//DTD HTML 2.0//EN">
<html><head>
<title>400 Bad Request</title>
</head><body>
<h1>Bad Request</h1>
<p>Your browser sent a request that this server could not understand.<br />
</p>
</body></html>

<!DOCTYPE HTML PUBLIC "-//IETF//DTD HTML 2.0//EN">
<html><head>
<title>400 Bad Request</title>
</head><body>
<h1>Bad Request</h1>
<p>Your browser sent a request that this server could not understand.<br />
</p>
</body></html>

参数无效
参数无效
参数无效
参数无效
参数无效
参数无效
